<?xml version="1.0" encoding="UTF-8"?>
<!-- Generated by org.testng.reporters.JUnitReportReporter -->
<testsuite hostname="W-PG02Y5S7" failures="1" tests="1" name="testscripts.mobiletestcases.MobileScripts" time="75.448" errors="0" timestamp="2024-08-21T19:11:13 IST" skipped="0">
  <testcase classname="testscripts.mobiletestcases.MobileScripts" name="LoginAndSubmitBibMobile1" time="75.448">
    <failure message="Element not found with xpath By.xpath: //div[@id=&#039;__popover0-cont&#039;]/div/ul/liafter wait time 15" type="java.lang.AssertionError">
      <![CDATA[java.lang.AssertionError: Element not found with xpath By.xpath: //div[@id='__popover0-cont']/div/ul/liafter wait time 15
at org.testng.Assert.fail(Assert.java:110)
at com.bosch.automation.testbase.DriverActions.click(DriverActions.java:66)
at pageobjects.pagesweb.EBidPage.selectPlantAndSearchUntilFound(EBidPage.java:51)
at testscripts.mobiletestcases.MobileScripts.LoginAndSubmitBibMobile1(MobileScripts.java:36)
at java.base/jdk.internal.reflect.NativeMethodAccessorImpl.invoke0(Native Method)
at java.base/jdk.internal.reflect.NativeMethodAccessorImpl.invoke(NativeMethodAccessorImpl.java:62)
at java.base/jdk.internal.reflect.DelegatingMethodAccessorImpl.invoke(DelegatingMethodAccessorImpl.java:43)
at java.base/java.lang.reflect.Method.invoke(Method.java:566)
at org.testng.internal.invokers.MethodInvocationHelper.invokeMethod(MethodInvocationHelper.java:139)
at org.testng.internal.invokers.TestInvoker.invokeMethod(TestInvoker.java:677)
at org.testng.internal.invokers.TestInvoker.invokeTestMethod(TestInvoker.java:221)
at org.testng.internal.invokers.MethodRunner.runInSequence(MethodRunner.java:50)
at org.testng.internal.invokers.TestInvoker$MethodInvocationAgent.invoke(TestInvoker.java:969)
at org.testng.internal.invokers.TestInvoker.invokeTestMethods(TestInvoker.java:194)
at org.testng.internal.invokers.TestMethodWorker.invokeTestMethods(TestMethodWorker.java:148)
at org.testng.internal.invokers.TestMethodWorker.run(TestMethodWorker.java:128)
at java.base/java.util.ArrayList.forEach(ArrayList.java:1541)
at org.testng.TestRunner.privateRun(TestRunner.java:829)
at org.testng.TestRunner.run(TestRunner.java:602)
at org.testng.SuiteRunner.runTest(SuiteRunner.java:437)
at org.testng.SuiteRunner$SuiteWorker.run(SuiteRunner.java:475)
at org.testng.internal.thread.ThreadUtil.lambda$execute$0(ThreadUtil.java:58)
at java.base/java.util.concurrent.FutureTask.run(FutureTask.java:264)
at java.base/java.util.concurrent.ThreadPoolExecutor.runWorker(ThreadPoolExecutor.java:1128)
at java.base/java.util.concurrent.ThreadPoolExecutor$Worker.run(ThreadPoolExecutor.java:628)
at java.base/java.lang.Thread.run(Thread.java:829)
]]>
    </failure>
  </testcase> <!-- LoginAndSubmitBibMobile1 -->
  <system-out/>
</testsuite> <!-- testscripts.mobiletestcases.MobileScripts -->
